GET: project_id=, user_id=1, tasks=[]
POST: project_id=1, title=Task 1, data={"project_id":1,"title":"Task 1"}
User ID: 1
POST: project_id=1, title=Task 1, data={"project_id":1,"title":"Task 1"}
User ID: 1
POST: project_id=1, title=Task 1, data={"project_id":1,"title":"Task 1"}
User ID: 1
POST: project_id=1, title=Task 1, data={"project_id":1,"title":"Task 1"}
User ID: 1
POST: project_id=1, title=Task 1, data={"project_id":1,"title":"Task 1"}
User ID: 1
POST: project_id=1, title=Task 1, data={"project_id":1,"title":"Task 1"}
User ID: 1
POST: project_id=1, title=Task 1, data={"project_id":1,"title":"Task 1"}
User ID: 1
POST: project_id=1, title=Task 1, data={"project_id":1,"title":"Task 1"}
POST: project_id=1 check, count=0
User ID: 1
POST: project_id=1, title=Task 1, data={"project_id":1,"title":"Task 1"}
POST: project_id=1 check, count=0
User ID: 1
POST: project_id=1, title=Task 1, data={"project_id":1,"title":"Task 1"}
POST: project_id=1 check, count=0
User ID: 1
POST: project_id=1, title=Task 1, data={"project_id":1,"title":"Task 1"}
POST: project_id=1 check, count=0
User ID: 1
User ID: 1
User ID: 1
User ID: 1
POST: project_id=1, title=Task 1, data={"project_id":1,"title":"Task 1"}
POST: project_id=1 check, count=0
User ID: 1
POST: project_id=1, title=Task 1, data={"project_id":1,"title":"Task 1"}
POST: project_id=1 check, count=0
User ID: 1
POST: project_id=1, title=Task 1, data={"project_id":1,"title":"Task 1"}
POST: project_id=1 check, count=0
User ID: 1
POST: project_id=1, title=Task 1, data={"project_id":1,"title":"Task 1"}
POST: project_id=1 check, count=0
User ID: 1
User ID: 1
User ID: 1
User ID: 1
User ID: 1
User ID: 
Token received: ''
User ID: 
Token received: ''
User ID: 
Token received: ''
User ID: 
Token received: ''
User ID: 
Token received: ''
User ID: 
Raw Authorization Header: 'none'
Cleaned Token: ''
User ID from JWT: false
Raw Authorization Header: 'none'
Cleaned Token: ''
User ID from JWT: false
Raw Authorization Header: 'none'
Cleaned Token: ''
User ID from JWT: false
Method: POST, Token: '', User ID: none
Request Method: POST, Token: 'eyJhbGciOiJIUzI1NiIsInR5cCI6IkpXVCJ9.eyJ1c2VyX2lkIjoxLCJpYXQiOjE3NDA4Njc4NTAsImV4cCI6MTc0MDg3MTQ1MH0=.5y1QxN2gutuNULl/6tWs+nw0RBhp9Lpm60KMVRuT1Jw='
User ID: 1
POST: project_id=1, title='Task 1', project_exists=no
Request Method: POST, Token: 'eyJhbGciOiJIUzI1NiIsInR5cCI6IkpXVCJ9.eyJ1c2VyX2lkIjo1LCJpYXQiOjE3NDA4Njg5MTEsImV4cCI6MTc0MDg3MjUxMX0=.So5u3MfjIxvVDnzEC204aEGaV62RFpW/oiLtw5Rec6k='
User ID: 5
POST: project_id=1, title='Task 1', project_exists=no
Array
(
    [project_id] => 1
    [title] => Task 1
)
Array
(
    [project_id] => 1
    [title] => Task 1
)
Array
(
    [project_id] => 1
    [title] => Task 1
)
Array
(
    [project_id] => 1
    [title] => Task 1
)
Array
(
    [project_id] => 1
    [title] => Task 1
)
Array
(
    [project_id] => 1
    [title] => Task 1
)
Array
(
    [project_id] => 1
    [title] => Task 1
)
Array
(
    [project_id] => 1
    [title] => Task 1
)
